   INFO HazardCalc: v1.3.0-8-g4e987453
   INFO Model Config: /app/01_point_era_phaz/config.json
        Model
          .name:               WLG based on PEER: Set1-Case1
          .surfaceSpacing:     0.2
          .ruptureFloating:    OFF
          .ruptureVariability: false
          .pointSourceType:    FINITE
          .areaGridScaling:    UNIFORM_0P01
   INFO 
   INFO =======  Grid Sources  =======
   INFO Parsing: Grid/gmm.xml
   INFO Parsing: Grid/source.xml
   INFO Parsing: Grid/source-1.xml
   INFO ==============================
   INFO 
   INFO Calc Config: /app/01_point_era_phaz/config.json
        Hazard
          .exceedanceModel:    NONE
          .truncationLevel:    3.0
          .imts:               [PGA]
          .gmmPostProcessors:  []
          .gmmDampingRatio:    5.0
          .gmmDampingSigma:    false
          .gmmUncertainty:     false
          .valueFormat:        ANNUAL_RATE
          .defaultImls:        [0.01, 0.02, 0.04, 0.06, 0.08, 0.1, 0.2, 0.3, 0.4, 0.5, 0.6, 0.7,
                                0.8, 0.9, 1.0, 1.2, 1.4, 1.6, 1.8, 2.0, 2.2, 2.4, 2.6, 2.8, 3.0,
                                3.5, 4.0, 4.5, 5.0]
          .imls (PGV):         [0.01, 0.0177, 0.0312, 0.0552, 0.0976, 0.173, 0.305, 0.539, 0.953,
                                1.68, 2.98, 5.26, 9.3, 16.4, 29.1, 51.3, 90.8, 160.0, 284.0, 501.0]
        Deaggregation
          .rBins:              min=0.0, max=1000.0, Δ=20.0
          .mBins:              min=4.4, max=9.4, Δ=0.2
          .εBins:              min=-3.0, max=3.0, Δ=0.5
          .contributorLimit:   1.0
        Rate
          .mBins:              min=4.2, max=9.4, Δ=0.1
          .distance:           20.0
          .distributionFormat: INCREMENTAL
          .valueFormat:        ANNUAL_RATE
          .timespan:           30.0
        Site Data
          .basinDataProvider:  null
        Site
          .vs30:               760.0
          .vsInf:              true
          .z1p0:               NaN
          .z2p5:               NaN
        Output
          .directory:          /app/hazout
          .dataTypes:          [TOTAL]
        Performance
          .optimizeGrids:      true
          .smoothGrids:        true
          .collapseMfds:       true
          .systemPartition:    1000
          .threadCount:        ALL
   INFO 
   INFO Site file: /app/01_point_era_phaz/sites.csv
   INFO Sites: List [size=1]
               WLG                         174.777 -41.289 Vs30=560.0 measured  Z1.0=0.01 Z2.5=5.0
   INFO Threads: 8
   INFO HazardCalc: calculating ...
   INFO HazardCalc: 1 sites completed in 39.12 ms
   INFO HazardCalc: finished
